contentprovider/contentProvider/provider1/build/outputs/apk/manifest-merger-debug-report.txt
-- Merging decision tree log ---
manifest
ADDED from AndroidManifest.xml:9:1
	package
		ADDED from AndroidManifest.xml:10:2
		INJECTED from AndroidManifest.xml:0:0
		INJECTED from AndroidManifest.xml:0:0
	xmlns:android
		ADDED from AndroidManifest.xml:9:11
application
ADDED from AndroidManifest.xml:11:2
	android:label
		ADDED from AndroidManifest.xml:12:3
	android:icon
		ADDED from AndroidManifest.xml:11:15
provider#com.eoeAndroid.contentProvider.DiaryContentProvider
ADDED from AndroidManifest.xml:13:3
	android:authorities
		ADDED from AndroidManifest.xml:14:4
	android:name
		ADDED from AndroidManifest.xml:13:13
activity#com.eoeAndroid.contentProvider.ActivityMain
ADDED from AndroidManifest.xml:16:3
	android:label
		ADDED from AndroidManifest.xml:17:4
	android:name
		ADDED from AndroidManifest.xml:16:13
intent-filter#android.intent.action.MAIN+android.intent.category.LAUNCHER
ADDED from AndroidManifest.xml:18:4
action#android.intent.action.MAIN
ADDED from AndroidManifest.xml:19:5
	android:name
		ADDED from AndroidManifest.xml:19:13
category#android.intent.category.LAUNCHER
ADDED from AndroidManifest.xml:20:5
	android:name
		ADDED from AndroidManifest.xml:21:6
activity#com.eoeAndroid.contentProvider.ActivityDiaryEditor
ADDED from AndroidManifest.xml:25:3
	android:label
		ADDED from AndroidManifest.xml:27:4
	android:theme
		ADDED from AndroidManifest.xml:26:4
	android:name
		ADDED from AndroidManifest.xml:25:13
intent-filter#android.intent.category.DEFAULT+com.eoeAndroid.contentProvider.ActivityDiaryEditor.EDIT_DIARY
ADDED from AndroidManifest.xml:29:4
action#com.eoeAndroid.contentProvider.ActivityDiaryEditor.EDIT_DIARY
ADDED from AndroidManifest.xml:30:5
	android:name
		ADDED from AndroidManifest.xml:30:13
category#android.intent.category.DEFAULT
ADDED from AndroidManifest.xml:31:5
	android:name
		ADDED from AndroidManifest.xml:32:6
data
ADDED from AndroidManifest.xml:33:5
	android:mimeType
		ADDED from AndroidManifest.xml:34:6
intent-filter#android.intent.category.DEFAULT+com.eoeAndroid.contentProvider.ActivityDiaryEditor.action.INSERT_DIARY
ADDED from AndroidManifest.xml:38:4
action#com.eoeAndroid.contentProvider.ActivityDiaryEditor.action.INSERT_DIARY
ADDED from AndroidManifest.xml:39:5
	android:name
		ADDED from AndroidManifest.xml:39:13
uses-sdk
INJECTED from AndroidManifest.xml:0:0 reason: use-sdk injection requested
	android:targetSdkVersion
		INJECTED from AndroidManifest.xml:0:0
		INJECTED from AndroidManifest.xml:0:0
	android:minSdkVersion
		INJECTED from AndroidManifest.xml:0:0
		INJECTED from AndroidManifest.xml:0:0